I, [2019-01-07T20:56:52.696035 #121928]  INFO -- : Registered expected interaction GET /api/v1/researchers
D, [2019-01-07T20:56:52.697003 #121928] DEBUG -- : {
  "description": "a request to retrieve the list of researchers",
  "providerState": "it has 3 researchers",
  "request": {
    "method": "GET",
    "path": "/api/v1/researchers"
  },
  "response": {
    "status": 200,
    "headers": {
    },
    "body": [
      {
        "name": "Manuel",
        "surname": "Carranza",
        "dni": "00000001A",
        "certification": "Associate Professor",
        "studyCentre": "Universidad de Sevilla",
        "scientificTechnicalArea": [

        ],
        "department": "LSI",
        "responsible": false,
        "active": true,
        "entryDate": "2019-01-07T12:15:24.964Z",
        "publications": [

        ]
      },
      {
        "name": "Miguel",
        "surname": "Esteban",
        "dni": "00000003C",
        "certification": "Associate Professor",
        "studyCentre": "Escuela Tecnica Superior de Ingenieria Informatica",
        "scientificTechnicalArea": [
          "Deep Learning",
          "Machine Learning"
        ],
        "department": "LSI",
        "responsible": false,
        "active": true,
        "entryDate": "2019-01-07T12:26:17.916Z",
        "publications": [

        ]
      },
      {
        "name": "José",
        "surname": "Gallardo Gallardo",
        "dni": "00000002B",
        "certification": "Associate Professor",
        "studyCentre": "Escuela Tecnica Superior de Ingenieria Informatica",
        "scientificTechnicalArea": [
          "Cloud",
          "SLA"
        ],
        "department": "LSI",
        "responsible": false,
        "active": true,
        "entryDate": "2019-01-07T12:28:26.729Z",
        "publications": [

        ]
      }
    ]
  }
}
I, [2019-01-07T20:56:52.718060 #121928]  INFO -- : Received request GET /api/v1/researchers?apikey=9806869c-22f0-4834-8025-77607ad275f6-52ad-41ae-887c-34c029d48242
D, [2019-01-07T20:56:52.718060 #121928] DEBUG -- : {
  "path": "/api/v1/researchers",
  "query": "apikey=9806869c-22f0-4834-8025-77607ad275f6-52ad-41ae-887c-34c029d48242",
  "method": "get",
  "headers": {
    "Host": "localhost:3000",
    "Accept": "application/json",
    "Connection": "close",
    "Version": "HTTP/1.1"
  }
}
I, [2019-01-07T20:56:52.719063 #121928]  INFO -- : Found matching response for GET /api/v1/researchers
D, [2019-01-07T20:56:52.719063 #121928] DEBUG -- : {
  "status": 200,
  "headers": {
  },
  "body": [
    {
      "name": "Manuel",
      "surname": "Carranza",
      "dni": "00000001A",
      "certification": "Associate Professor",
      "studyCentre": "Universidad de Sevilla",
      "scientificTechnicalArea": [

      ],
      "department": "LSI",
      "responsible": false,
      "active": true,
      "entryDate": "2019-01-07T12:15:24.964Z",
      "publications": [

      ]
    },
    {
      "name": "Miguel",
      "surname": "Esteban",
      "dni": "00000003C",
      "certification": "Associate Professor",
      "studyCentre": "Escuela Tecnica Superior de Ingenieria Informatica",
      "scientificTechnicalArea": [
        "Deep Learning",
        "Machine Learning"
      ],
      "department": "LSI",
      "responsible": false,
      "active": true,
      "entryDate": "2019-01-07T12:26:17.916Z",
      "publications": [

      ]
    },
    {
      "name": "José",
      "surname": "Gallardo Gallardo",
      "dni": "00000002B",
      "certification": "Associate Professor",
      "studyCentre": "Escuela Tecnica Superior de Ingenieria Informatica",
      "scientificTechnicalArea": [
        "Cloud",
        "SLA"
      ],
      "department": "LSI",
      "responsible": false,
      "active": true,
      "entryDate": "2019-01-07T12:28:26.729Z",
      "publications": [

      ]
    }
  ]
}
I, [2019-01-07T20:56:52.744129 #121928]  INFO -- : Verifying - interactions matched
I, [2019-01-07T20:56:52.751152 #121928]  INFO -- : Cleared interactions
I, [2019-01-07T20:56:52.762176 #121928]  INFO -- : Registered expected interaction GET /api/v1/researchers/00000001A
D, [2019-01-07T20:56:52.762176 #121928] DEBUG -- : {
  "description": "a request to retrieve a researcher by dni",
  "providerState": "there is one researcher with this dni",
  "request": {
    "method": "GET",
    "path": "/api/v1/researchers/00000001A"
  },
  "response": {
    "status": 200,
    "headers": {
    },
    "body": [
      {
        "name": "Manuel",
        "surname": "Carranza",
        "dni": "00000001A",
        "certification": "Associate Professor",
        "studyCentre": "Universidad de Sevilla",
        "scientificTechnicalArea": [

        ],
        "department": "LSI",
        "responsible": false,
        "active": true,
        "entryDate": "2019-01-07T12:15:24.964Z",
        "publications": [

        ]
      }
    ]
  }
}
I, [2019-01-07T20:56:52.772237 #121928]  INFO -- : Received request GET /api/v1/researchers/00000001A?apikey=9806869c-22f0-4834-8025-77607ad275f6-52ad-41ae-887c-34c029d48242
D, [2019-01-07T20:56:52.772237 #121928] DEBUG -- : {
  "path": "/api/v1/researchers/00000001A",
  "query": "apikey=9806869c-22f0-4834-8025-77607ad275f6-52ad-41ae-887c-34c029d48242",
  "method": "get",
  "headers": {
    "Host": "localhost:3000",
    "Accept": "application/json",
    "Connection": "close",
    "Version": "HTTP/1.1"
  }
}
I, [2019-01-07T20:56:52.772237 #121928]  INFO -- : Found matching response for GET /api/v1/researchers/00000001A
D, [2019-01-07T20:56:52.773205 #121928] DEBUG -- : {
  "status": 200,
  "headers": {
  },
  "body": [
    {
      "name": "Manuel",
      "surname": "Carranza",
      "dni": "00000001A",
      "certification": "Associate Professor",
      "studyCentre": "Universidad de Sevilla",
      "scientificTechnicalArea": [

      ],
      "department": "LSI",
      "responsible": false,
      "active": true,
      "entryDate": "2019-01-07T12:15:24.964Z",
      "publications": [

      ]
    }
  ]
}
I, [2019-01-07T20:56:52.782231 #121928]  INFO -- : Verifying - interactions matched
I, [2019-01-07T20:56:52.795266 #121928]  INFO -- : Cleared interactions
I, [2019-01-07T20:56:52.806333 #121928]  INFO -- : Writing pact for Grupo1 to C:/Users/ayesa1/Desktop/TrabajoMasterCloud/fis18-06/pacts/grupo6-grupo1.json
